2023-02-20T18:28:27.782Z GET /author {"name":"munnu kumar"}
2023-02-20T18:29:24.390Z GET /author {"name":"munnu kumar"}
2023-02-20T18:29:28.987Z GET /author {"name":"munnu kumar"}
2023-02-20T18:30:25.707Z POST /author {"name":"munnu kumar"}
2023-02-20T18:30:41.959Z POST /author {"name":"munnu kumar"}
2023-02-20T18:30:49.210Z POST /author {"name":"sonu kumar"}
2023-02-20T18:39:55.556Z POST /book {"authorId":"","bookName":"Notebook","ISBN":"munnu124"}
2023-02-20T18:41:13.322Z GET /author {}
2023-02-20T18:41:46.731Z POST /book {"authorId":"351d79d5-b0d8-40ea-aade-a0273a9960ae","bookName":"Notebook","ISBN":"munnu124"}
2023-02-20T18:42:23.337Z POST /book {"authorId":"351d79d5-b0d8-40ea-aade-a0273a9960ae","bookName":"Notebook2","ISBN":"munnu124"}
2023-02-20T18:42:58.467Z POST /book {"authorId":"351d79d5-b0d8-40ea-aade-a0273a9960ae","bookName":"Notebook2","ISBN":"munnu125"}
2023-02-20T18:43:22.916Z POST /book {"authorId":"118314b6-b03c-4f55-b823-48897e5e68e8","bookName":"SonuNotebook1","ISBN":"munnu125"}
2023-02-20T18:43:36.399Z POST /book {"authorId":"118314b6-b03c-4f55-b823-48897e5e68e8","bookName":"SonuNotebook1","ISBN":"sonu12"}
2023-02-20T18:44:20.491Z GET /book {}
2023-02-20T18:44:48.617Z GET /book/877c4ad3-70e0-4639-b96b-bf759c80646d {}
2023-02-20T18:45:04.256Z GET /author/351d79d5-b0d8-40ea-aade-a0273a9960ae {}
2023-02-20T18:56:09.658Z GET /author/351d79d5-b0d8-40ea-aade-a0273a9960ae {}
2023-02-20T18:56:22.644Z GET /author {}
2023-02-20T18:56:36.406Z GET /author {}
2023-02-20T18:58:21.035Z GET /author {}
2023-02-20T18:58:39.717Z POST /book {"name":"sonu kumar"}
2023-02-20T18:58:52.291Z POST /author {"name":"sonu kumar"}
2023-02-20T18:59:11.750Z POST /author {"name":"monu kumar"}
2023-02-20T18:59:27.613Z GET /author {}
2023-02-20T18:59:48.711Z POST /book {"authorId":"1914b69b-30bc-49fe-8934-312406bf703f","bookName":"SonuNotebook1","ISBN":"sonu12"}
2023-02-20T19:00:04.435Z POST /book {"authorId":"1914b69b-30bc-49fe-8934-312406bf703f","bookName":"SonuNotebook2","ISBN":"sonu124"}
2023-02-20T19:01:00.694Z POST /book {"authorId":"12a4bdeb-8613-4407-84ea-2a088ee1e6a0","bookName":"monunotebook","ISBN":"monu124"}
2023-02-20T19:01:10.232Z GET /author {}
2023-02-20T19:01:23.045Z GET /book {}
2023-02-20T19:01:41.335Z GET /book/aef0ea4c-da00-498c-9a4e-7788ad00d6c2 {}
2023-02-20T19:02:11.513Z GET /author {}
2023-02-20T19:02:29.642Z GET /author/1914b69b-30bc-49fe-8934-312406bf703f {}
2023-02-20T19:04:01.839Z GET /author {}
2023-02-20T19:04:11.599Z GET /book/aef0ea4c-da00-498c-9a4e-7788ad00d6c2 {}
2023-02-20T19:04:22.806Z POST /author {"name":"monu kumar"}
2023-02-20T19:04:33.345Z POST /author {"name":"monu kumar"}
2023-02-20T19:04:57.534Z GET /author {}
2023-02-20T19:05:03.777Z POST /author {"name":"monu kumar"}
2023-02-20T19:05:11.354Z POST /author {"name":"sonu kumar"}
2023-02-20T19:05:17.928Z POST /author {"name":"munnu kumar"}
2023-02-20T19:05:23.096Z GET /author {}
2023-02-20T19:06:14.539Z POST /author {"name":"munnu kumar"}
2023-02-20T19:06:28.890Z POST /author {"name":"sonu kumar"}
2023-02-20T19:06:36.195Z GET /author {}
2023-02-20T19:06:48.641Z GET /author/80c8d049-27cf-4f38-b663-641a00ba5f1c {}
2023-02-20T19:07:26.413Z GET /author/80c8d049-27cf-4f38-b663-641a00ba5f1c {}
2023-02-20T19:07:55.344Z POST /book {"authorId":"80c8d049-27cf-4f38-b663-641a00ba5f1c","bookName":"mununotebook","ISBN":"munnu124"}
2023-02-20T19:08:03.778Z GET /author/80c8d049-27cf-4f38-b663-641a00ba5f1c {}
2023-02-20T19:08:32.557Z POST /book {"authorId":"80c8d049-27cf-4f38-b663-641a00ba5f1c","bookName":"mununotebook4","ISBN":"munnu1246"}
2023-02-20T19:08:37.038Z GET /author/80c8d049-27cf-4f38-b663-641a00ba5f1c {}
2023-02-20T19:08:59.527Z GET /book {}
2023-02-20T19:09:08.667Z GET /author/80c8d049-27cf-4f38-b663-641a00ba5f1c {}
2023-02-20T19:09:27.488Z GET /book/0957feb1-df0b-479d-837d-6ec3b7ca736b {}
2023-02-20T19:09:40.625Z GET /author/80c8d049-27cf-4f38-b663-641a00ba5f1c {}
2023-02-20T19:09:45.236Z POST /book {"authorId":"80c8d049-27cf-4f38-b663-641a00ba5f1c","bookName":"mununotebook4","ISBN":"munnu1246"}
2023-02-20T19:09:50.950Z POST /author {"name":"sonu kumar"}
2023-02-20T19:10:39.268Z GET /author {}
2023-02-20T19:10:40.904Z GET /author {}
2023-02-20T19:17:21.724Z POST /author {"name":"sonu kumar"}
2023-02-20T19:17:28.478Z POST /author {"name":"monu kumar"}
2023-02-20T19:17:36.871Z GET /author {}
2023-02-20T19:17:55.153Z POST /book {"authorId":"986d8bd8-15f8-482f-8218-e9c93f472c3d","bookName":"mununotebook4","ISBN":"munnu1246"}
2023-02-20T19:17:59.960Z GET /author {}
2023-02-20T19:18:19.804Z GET /author/986d8bd8-15f8-482f-8218-e9c93f472c3d {}
2023-02-20T19:18:29.737Z GET /author {}
2023-02-20T19:18:38.381Z GET /book {}
2023-02-20T19:18:58.175Z GET /book/0b77586e-a5d6-4bcd-bcbb-28fefc8e4740 {}
2023-02-20T19:19:46.924Z POST /author {"name":"monu kumar"}
2023-02-20T19:20:03.466Z GET /author {}
2023-02-20T19:20:20.240Z GET /book {}
2023-02-20T19:20:22.635Z GET /book {}
2023-02-20T19:20:46.460Z POST /book {"authorId":"3b6c015c-fa5e-492c-9099-94742ef9f851","bookName":"mununotebook4","ISBN":"munnu1246"}
2023-02-20T19:20:51.013Z GET /book {}
2023-02-20T19:22:34.447Z GET /author {}
2023-02-20T19:23:01.853Z PATCH /author/3b6c015c-fa5e-492c-9099-94742ef9f851 {"name":"munnu kumar"}
2023-02-20T19:23:08.727Z GET /author {}
2023-02-20T19:30:25.725Z GET /book {}
2023-02-20T19:30:31.751Z POST /author {"name":"monu kumar"}
2023-02-20T19:30:54.176Z POST /book {"authorId":"f06cb66b-8f80-4308-a56f-15c423e3bf7e","bookName":"mununotebook4","ISBN":"munnu1246"}
2023-02-20T19:30:58.798Z GET /book {}
2023-02-20T19:31:32.120Z PATCH /book {"bookName":"monuotebook4","ISBN":"monu1246"}
2023-02-20T19:31:41.618Z GET /book {}
2023-02-20T19:31:58.981Z PATCH /book/9072d41f-16f8-47de-9022-67379bf10f3f {"bookName":"monuotebook4","ISBN":"monu1246"}
2023-02-20T19:32:35.465Z GET /book {}
2023-02-20T19:32:40.203Z POST /author {"name":"monu kumar"}
2023-02-20T19:32:59.724Z POST /book {"authorId":"381cf55f-6466-4f7e-a920-8191472f40a3","bookName":"mununotebook4","ISBN":"munnu1246"}
2023-02-20T19:33:12.617Z PATCH /book/381cf55f-6466-4f7e-a920-8191472f40a3 {"bookName":"monuotebook4","ISBN":"monu1246"}
2023-02-20T19:33:30.376Z GET /book {}
2023-02-20T19:33:49.729Z PATCH /book/f23dfcb8-6f81-4fe9-8e82-ec8ba76c0b56 {"bookName":"monuotebook4","ISBN":"monu1246"}
2023-02-20T19:35:35.799Z POST /author {"name":"monu kumar"}
2023-02-20T19:35:55.504Z POST /book {"authorId":"bd9fada3-56cd-40b9-83c3-4b8099e79b6e","bookName":"mununotebook4","ISBN":"munnu1246"}
2023-02-20T19:36:01.267Z GET /book {}
2023-02-20T19:36:16.284Z PATCH /book/0a2845c0-5c3f-41b2-8f10-5041dc74d6df {"bookName":"monuotebook4","ISBN":"monu1246"}
2023-02-20T19:36:29.941Z GET /book {}
2023-02-20T19:36:40.210Z PATCH /book/0a2845c0-5c3f-41b2-8f10-5041dc74d6df {"bookName":"monuotebook4","ISBN":"monu1249"}
2023-02-20T19:36:43.784Z GET /book {}
2023-02-20T19:36:53.982Z GET /author {}
2023-02-20T19:37:22.890Z PATCH /author/bd9fada3-56cd-40b9-83c3-4b8099e79b6e {"name":"munnu kumar"}
2023-02-20T19:37:27.214Z GET /author {}
2023-02-20T20:07:30.809Z POST /author {"name":"monu kumar"}
2023-02-20T20:07:45.316Z POST /book {"authorId":"ee519fb5-282d-44f5-9f4b-4c9aa8cdfe2e","bookName":"mununotebook4","ISBN":"munnu1246"}
2023-02-20T20:07:49.573Z GET /author {}
2023-02-20T20:07:53.744Z GET /book {}
2023-02-20T20:08:13.142Z POST /author {"name":"munnu kumar"}
2023-02-20T20:08:16.715Z GET /author {}
2023-02-20T20:09:23.190Z DELETE /author/ee519fb5-282d-44f5-9f4b-4c9aa8cdfe2e {}
2023-02-20T20:09:34.210Z GET /author {}
2023-02-20T20:42:39.104Z POST /author {"name":"munnu kumar"}
2023-02-20T20:42:48.500Z POST /author {"name":"monu kumar"}
2023-02-20T20:42:56.183Z POST /author {"name":"aayush kumar"}
2023-02-20T20:43:02.976Z GET /author {}
2023-02-20T20:43:37.155Z POST /book {"authorId":"73c78f15-8f65-444a-9534-dbdc329f77d6","bookName":"munnubook","ISBN":"munnu1246"}
2023-02-20T20:44:12.313Z POST /book {"authorId":"4b1b3204-a8ef-4963-999b-30e8098ddffd","bookName":"monubook","ISBN":"munnu124"}
2023-02-20T20:44:42.909Z POST /book {"authorId":"98525989-a8ba-40f5-accf-6c4f32894700","bookName":"aayushbook","ISBN":"munnu1248"}
2023-02-20T20:44:47.400Z GET /book {}
2023-02-20T20:44:51.330Z GET /author {}
2023-02-20T20:57:36.552Z GET /book {}
2023-02-20T20:57:51.191Z DELETE /book/021025d4-7ec3-43c6-a6f3-0c6634c5a4c0 {}
2023-02-20T20:58:33.592Z POST /author {"name":"aayush kumar"}
2023-02-20T20:59:04.498Z POST /book {"authorId":"6d27cd17-2525-4e00-9410-d234952ec9b4","bookName":"aayushbook","ISBN":"munnu1248"}
2023-02-20T20:59:13.085Z POST /book {"authorId":"6d27cd17-2525-4e00-9410-d234952ec9b4","bookName":"aayushbook1","ISBN":"munnu124"}
2023-02-20T20:59:16.858Z GET /book {}
2023-02-20T20:59:31.443Z DELETE /book/41d82054-de0c-4bb4-91c0-1369f48cf837 {}
2023-02-20T20:59:45.487Z GET /book {}
2023-02-20T21:03:12.060Z GET /book {}
2023-02-20T21:03:13.633Z GET /book {}
2023-02-20T21:12:11.723Z POST /author {"name":"aayush kumar"}
2023-02-20T21:25:15.791Z POST /author {"name":"aayush kumar"}
2023-02-20T21:25:23.712Z POST /author {"name":"munnu kumar"}
2023-02-20T21:25:34.194Z POST /author {"name":"sonu kumar"}
2023-02-20T21:25:41.403Z POST /author {"name":"harsh kumar"}
2023-02-20T21:25:48.581Z GET /author {}
2023-02-20T21:26:01.240Z GET /author/d7552a83-1947-4554-9c86-7768f0e1e92b {}
2023-02-20T21:26:10.758Z GET /author {}
2023-02-20T21:26:25.218Z GET /author/d7552a83-1947-4554-9c86-7768f0e1e92b {}
2023-02-20T21:28:25.268Z POST /author {"name":"harsh kumar"}
2023-02-20T21:28:30.577Z GET /book {}
2023-02-20T21:28:40.641Z GET /author {}
2023-02-20T21:28:53.505Z GET /author/b37d4bd9-f622-4c84-ac50-381293d3f0a0 {}
2023-02-20T21:29:08.979Z GET /author {}
2023-02-20T21:30:05.035Z POST /author {"name":"harsh kumar"}
2023-02-20T21:30:13.129Z GET /book {}
2023-02-20T21:30:16.344Z GET /author {}
2023-02-20T21:30:32.221Z GET /author/13081053-5bf1-4206-99d9-39e7b9827492 {}
2023-02-20T21:30:57.778Z POST /book {"authorId":"13081053-5bf1-4206-99d9-39e7b9827492","bookName":"aayushbook1","ISBN":"munnu124"}
2023-02-20T21:33:22.149Z POST /author {"name":"harsh kumar"}
2023-02-20T21:33:34.881Z GET /author {}
2023-02-20T21:33:45.763Z GET /author/0c982cd6-9cec-4973-a631-c170f9ad58e3 {}
2023-02-20T21:34:04.032Z POST /book {"authorId":"0c982cd6-9cec-4973-a631-c170f9ad58e3","bookName":"aayushbook1","ISBN":"munnu124"}
2023-02-20T21:34:19.623Z GET /book {}
2023-02-20T21:34:33.935Z GET /book/a48649ea-e47e-4003-a6d1-581130ae1461 {}
2023-02-20T21:35:09.508Z POST /author {"name":"harsh kumar"}
2023-02-20T21:35:19.407Z GET /author {}
2023-02-20T21:35:32.737Z GET /author/e261a7b0-5975-4585-a7e3-3cea1948b667 {}
2023-02-20T21:35:55.071Z POST /book {"authorId":"e261a7b0-5975-4585-a7e3-3cea1948b667","bookName":"aayushbook1","ISBN":"munnu124"}
2023-02-20T21:36:04.904Z GET /book {}
2023-02-20T21:36:15.809Z GET /book/bf2e6668-9919-4490-8087-9a7fbbf3d8a1 {}
2023-02-20T21:36:26.938Z GET /author/e261a7b0-5975-4585-a7e3-3cea1948b667 {}
2023-02-20T21:36:30.304Z GET /author/e261a7b0-5975-4585-a7e3-3cea1948b667 {}
2023-02-20T21:36:37.423Z GET /book/bf2e6668-9919-4490-8087-9a7fbbf3d8a1 {}
2023-02-20T21:36:41.464Z GET /author/e261a7b0-5975-4585-a7e3-3cea1948b667 {}
2023-02-20T21:37:25.050Z GET /author/e261a7b0-5975-4585-a7e3-3cea1948b667 {}
2023-02-20T21:37:44.327Z GET /author/e261a7b0-5975-4585-a7e3-3cea1948b667 {}
2023-02-20T21:38:27.762Z POST /author {"name":"harsh kumar"}
2023-02-20T21:38:32.235Z GET /author/e261a7b0-5975-4585-a7e3-3cea1948b667 {}
2023-02-20T21:38:39.106Z GET /author {}
2023-02-20T21:38:49.092Z GET /author/42d98ace-7b94-4b12-bec2-cb43aeaa46c2 {}
2023-02-20T21:39:01.204Z POST /book {"authorId":"42d98ace-7b94-4b12-bec2-cb43aeaa46c2","bookName":"aayushbook1","ISBN":"munnu124"}
2023-02-20T21:39:17.535Z GET /author/42d98ace-7b94-4b12-bec2-cb43aeaa46c2 {}
2023-02-20T21:39:20.273Z GET /author/42d98ace-7b94-4b12-bec2-cb43aeaa46c2 {}
2023-02-20T21:39:29.209Z GET /book/bf2e6668-9919-4490-8087-9a7fbbf3d8a1 {}
2023-02-20T21:39:32.135Z GET /book/bf2e6668-9919-4490-8087-9a7fbbf3d8a1 {}
2023-02-20T21:39:40.042Z GET /book/4150db11-a7fc-4b8c-9b4b-7f7684167acb {}
2023-02-20T21:43:09.653Z POST /author {"name":"harsh kumar"}
2023-02-20T21:43:13.066Z GET /author/42d98ace-7b94-4b12-bec2-cb43aeaa46c2 {}
2023-02-20T21:43:19.531Z GET /author {}
2023-02-20T21:43:31.718Z GET /author/62419038-6936-4643-b18d-d10da58ef6af {}
2023-02-20T21:44:11.796Z GET /author {}
2023-02-20T21:44:31.577Z POST /book {"authorId":"62419038-6936-4643-b18d-d10da58ef6af","bookName":"aayushbook1","ISBN":"munnu124"}
2023-02-20T21:44:37.015Z GET /author {}
2023-02-20T21:44:58.318Z GET /author/62419038-6936-4643-b18d-d10da58ef6af {}
2023-02-20T21:45:17.048Z GET /book/4150db11-a7fc-4b8c-9b4b-7f7684167acb {}
2023-02-20T21:45:22.832Z GET /book {}
2023-02-20T21:46:50.697Z POST /author {"name":"harsh kumar"}
2023-02-20T21:47:01.831Z GET /author {}
2023-02-20T21:47:33.723Z POST /book {"authorId":"36473c3c-a09f-4f7e-a82c-b9023643a369","bookName":"aayushbook1","ISBN":"munnu124"}
2023-02-20T21:47:37.743Z GET /book {}
2023-02-20T21:47:44.425Z GET /author {}
2023-02-20T21:47:57.943Z GET /author/36473c3c-a09f-4f7e-a82c-b9023643a369 {}
2023-02-20T21:49:26.453Z POST /author {"name":"harsh kumar"}
2023-02-20T21:49:35.073Z GET /author {}
2023-02-20T21:49:53.229Z POST /book {"authorId":"4eb0ab8f-3ef2-425a-b9b5-6a14bd370cde","bookName":"aayushbook1","ISBN":"munnu124"}
2023-02-20T21:49:56.752Z GET /author {}
2023-02-20T21:50:01.859Z GET /author/4eb0ab8f-3ef2-425a-b9b5-6a14bd370cde {}
2023-02-20T21:51:34.026Z POST /author {"name":"harsh kumar"}
2023-02-20T21:51:43.613Z GET /author {}
2023-02-20T21:52:00.367Z POST /book {"authorId":"c4abcd03-e21b-4b8c-b6c8-566d114a6b13","bookName":"aayushbook1","ISBN":"munnu124"}
2023-02-20T21:52:06.112Z GET /author {}
2023-02-20T21:52:11.062Z GET /author/c4abcd03-e21b-4b8c-b6c8-566d114a6b13 {}
2023-02-20T21:53:11.816Z POST /author {"name":"harsh kumar"}
2023-02-20T21:53:40.382Z POST /book {"authorId":"635144bd-166a-4313-88c0-db44cd43600d","bookName":"aayushbook1","ISBN":"munnu124"}
2023-02-20T21:53:49.962Z GET /author/ {}
2023-02-20T21:53:56.614Z GET /author/635144bd-166a-4313-88c0-db44cd43600d {}
2023-02-20T21:54:19.343Z GET /book {}
2023-02-20T21:55:44.819Z POST /author {"name":"harsh kumar"}
2023-02-20T21:56:01.223Z POST /book {"authorId":"a2e1f94c-ce7a-4560-a20b-f694801ccb98","bookName":"aayushbook1","ISBN":"munnu124"}
2023-02-20T21:56:09.657Z GET /author/ {}
2023-02-20T21:56:14.570Z GET /author/a2e1f94c-ce7a-4560-a20b-f694801ccb98 {}
2023-02-20T21:56:28.748Z GET /book {}
2023-02-20T22:03:07.703Z POST /author {"name":"harsh kumar"}
2023-02-20T22:03:38.184Z POST /book {"authorId":"e934bc20-aeac-4bfd-9f97-7e849d7c7f34","bookName":"aayushbook1","ISBN":"munnu124"}
2023-02-20T22:03:47.121Z GET /author/ {}
2023-02-20T22:03:52.003Z GET /author/e934bc20-aeac-4bfd-9f97-7e849d7c7f34 {}
2023-02-20T22:04:43.160Z POST /book {"authorId":"e934bc20-aeac-4bfd-9f97-7e849d7c7f34","bookName":"aayushbook1","ISBN":"munnu124"}
2023-02-20T22:04:49.675Z GET /book {}
2023-02-20T22:05:03.123Z GET /book/9986e178-0449-4361-8bb5-dd6f53eb6252 {}
2023-02-20T22:07:37.078Z POST /author {"name":"harsh kumar"}
2023-02-20T22:07:55.728Z POST /book {"authorId":"913edda1-58aa-44c2-b2c6-77dd3d9664ed","bookName":"aayushbook1","ISBN":"munnu124"}
2023-02-20T22:08:15.018Z GET /book/ {}
2023-02-20T22:08:54.949Z GET /book/0ee803b5-d7e0-44e0-9603-e657c3a08028 {}
2023-02-20T22:10:59.603Z POST /author {"name":"harsh kumar"}
2023-02-20T22:11:26.776Z POST /book {"authorId":"da794670-ae87-4fac-8af9-4ab25ce221d7","bookName":"aayushbook1","ISBN":"munnu124"}
2023-02-20T22:11:35.832Z GET /book/ {}
2023-02-20T22:11:54.567Z GET /book/15e22ec5-842c-446f-a4f1-fbef4d885fee {}
2023-02-20T22:13:32.291Z GET /author/ {}
2023-02-20T22:13:43.686Z GET /author/da794670-ae87-4fac-8af9-4ab25ce221d7 {}
2023-02-20T22:16:36.055Z POST /author {"name":"harsh kumar"}
2023-02-20T22:16:52.432Z POST /book {"authorId":"26b76251-82cd-4e5e-b5b6-2d2df87cbdb0","bookName":"aayushbook1","ISBN":"munnu124"}
2023-02-20T22:17:00.815Z GET /book/ {}
2023-02-20T22:17:11.625Z GET /book/9f22035d-d28d-45db-861e-b1b1ed88a8d8 {}
2023-02-20T22:20:28.712Z POST /author {"name":"harsh kumar"}
2023-02-20T22:20:50.156Z POST /book {"authorId":"8a265bce-05ec-43d5-a1d4-7621a5641aa1","bookName":"aayushbook1","ISBN":"munnu124"}
2023-02-20T22:21:10.048Z GET /book/ {}
2023-02-20T22:21:24.804Z GET /book/ef8d7101-c9a8-49ec-a46b-1f67e4d99a57 {}
2023-02-20T22:26:27.645Z POST /author {"name":"harsh kumar"}
2023-02-20T22:26:44.251Z POST /book {"authorId":"8f79a97c-594a-4f93-8cd7-9d4fd4a00125","bookName":"aayushbook1","ISBN":"munnu124"}
2023-02-20T22:27:03.468Z GET /book/ {}
2023-02-20T22:27:11.829Z GET /book/985e18a8-c982-4675-920a-30b80facdda7 {}
2023-02-20T22:28:22.810Z POST /author {"name":"harsh kumar"}
2023-02-20T22:28:39.095Z POST /book {"authorId":"406f9f64-4c9d-411a-b184-6991b80de787","bookName":"aayushbook1","ISBN":"munnu124"}
2023-02-20T22:28:50.623Z GET /book/ {}
2023-02-20T22:29:13.044Z GET /book/91414a44-d86d-4ba7-af9f-8af0c6ca84a5 {}
2023-02-20T22:30:36.571Z GET /author/ {}
2023-02-20T22:31:23.710Z GET /author/406f9f64-4c9d-411a-b184-6991b80de787 {}
2023-02-20T22:44:17.772Z POST /author {"name":"harsh kumar"}
2023-02-20T22:44:33.190Z POST /book {"authorId":"cced3c19-9f6e-4727-8151-22952c0fda2a","bookName":"aayushbook1","ISBN":"munnu124"}
2023-02-20T22:44:50.672Z GET /book/ {}
2023-02-20T22:44:55.815Z GET /book/b313316b-ff70-40fa-9500-03e566462a3e {}
2023-02-20T22:47:12.786Z POST /author {"name":"harsh kumar"}
2023-02-20T22:47:26.812Z POST /book {"authorId":"c38cad12-11e2-40b5-9234-5868a6ffcd9a","bookName":"aayushbook1","ISBN":"munnu124"}
2023-02-20T22:47:42.120Z GET /book/ {}
2023-02-20T22:47:47.340Z GET /book/804bd800-014c-4a49-892c-95474d3bb986 {}
2023-02-20T22:48:09.640Z POST /author {"name":"harsh kumar"}
2023-02-20T22:48:30.640Z POST /book {"authorId":"7c231881-8d5b-4146-95f2-fe548896624a","bookName":"aayushbook1","ISBN":"munnu124"}
2023-02-20T22:48:55.908Z GET /book/ {}
2023-02-20T22:49:02.208Z GET /book/74864f16-f866-40e5-90d0-b94a6178900c {}
2023-02-20T22:52:11.106Z POST /author {"name":"harsh kumar"}
2023-02-20T22:52:29.306Z POST /book {"authorId":"c0410048-a503-4e1c-8857-f8cde945ca96","bookName":"aayushbook1","ISBN":"munnu124"}
2023-02-20T22:52:45.945Z GET /book/ {}
2023-02-20T22:52:53.371Z GET /book/82ddeed4-ac53-4f84-a212-4a1b137fa938 {}
2023-02-21T06:51:25.519Z GET /book {}
2023-02-21T07:03:36.116Z POST /author {"name":"harsh kumar"}
2023-02-21T07:03:59.653Z POST /book {"authorId":"aeac2111-6823-407f-bf40-313f53357b53","bookName":"aayushbook1","ISBN":"munnu124"}
2023-02-21T07:05:39.736Z POST /author {"name":"harsh kumar"}
2023-02-21T07:05:55.620Z POST /book {"authorId":"85a2730b-e31d-41e1-8598-268e3f198268","bookName":"aayushbook1","ISBN":"munnu124"}
2023-02-21T07:06:10.838Z GET /book {}
2023-02-21T07:06:21.303Z GET /book/791f60a7-04dd-4aff-808f-7716c96afa78 {}
2023-02-21T07:06:37.324Z GET /book {}
2023-02-21T07:07:14.627Z GET /author/ {}
2023-02-21T07:07:26.348Z GET /author/85a2730b-e31d-41e1-8598-268e3f198268 {}
2023-02-21T07:13:20.978Z POST /author {"name":"harsh kumar"}
2023-02-21T07:14:05.486Z POST /book {"authorId":"df16499f-27d6-47de-812d-fa49f9848bbb","bookName":"aayushbook1","ISBN":"munnu124"}
2023-02-21T07:14:24.067Z GET /author/ {}
2023-02-21T07:14:46.537Z POST /book {"authorId":"df16499f-27d6-47de-812d-fa49f9848bbb","bookName":"aayushbook1","ISBN":"munnu124"}
2023-02-21T07:16:40.391Z POST /author {"name":"harsh kumar"}
2023-02-21T07:16:59.676Z POST /book {"authorId":"16a2d57b-f885-426c-a618-1c0ab59a2fc9","bookName":"aayushbook1","ISBN":"munnu124"}
2023-02-21T07:17:12.594Z GET /book {}
2023-02-21T07:17:19.004Z GET /book/e2033d60-e711-4ec4-b248-434a7410a3a7 {}
2023-02-21T07:17:49.276Z GET /book/ {}
2023-02-21T07:18:51.036Z POST /author {"name":"harsh kumar"}
2023-02-21T07:19:06.782Z POST /book {"authorId":"e2c2b7d0-a2a2-4ebe-b891-3ad6700de4ed","bookName":"aayushbook1","ISBN":"munnu124"}
2023-02-21T07:19:19.199Z GET /book/ {}
2023-02-21T07:19:24.984Z GET /book/0fcaa9b0-4eca-4957-a958-cf7ea52af7e2 {}
2023-02-21T07:19:54.873Z GET /author/ {}
2023-02-21T07:20:06.394Z GET /author/e2c2b7d0-a2a2-4ebe-b891-3ad6700de4ed {}
2023-02-21T07:20:40.313Z PATCH /author/e2c2b7d0-a2a2-4ebe-b891-3ad6700de4ed {"name":"Aayush kumar"}
2023-02-21T07:20:47.357Z GET /author/e2c2b7d0-a2a2-4ebe-b891-3ad6700de4ed {}
2023-02-21T07:21:53.698Z PATCH /book/0fcaa9b0-4eca-4957-a958-cf7ea52af7e2 {"bookName":"monuotebook4","ISBN":"monu1249"}
2023-02-21T07:22:30.893Z GET /book/ {}
2023-02-21T07:24:04.729Z POST /author {"name":"harsh kumar"}
2023-02-21T07:24:12.450Z POST /author {"name":"munnu kumar"}
2023-02-21T07:24:26.784Z GET /author/ {}
2023-02-21T07:24:48.815Z POST /book {"authorId":"e2c2b7d0-a2a2-4ebe-b891-3ad6700de4ed","bookName":"aayushbook1","ISBN":"munnu124"}
2023-02-21T07:24:57.570Z GET /book/ {}
2023-02-21T07:25:02.005Z GET /author/ {}
2023-02-21T07:25:37.541Z POST /book {"authorId":"f6d1d246-5020-416a-8ff6-fd6e37cb60b6","bookName":"harshbook1","ISBN":"harsh124"}
2023-02-21T07:25:52.461Z POST /book {"authorId":"f6d1d246-5020-416a-8ff6-fd6e37cb60b6","bookName":"harshbook_2","ISBN":"harsh114"}
2023-02-21T07:26:04.322Z POST /book {"authorId":"f6d1d246-5020-416a-8ff6-fd6e37cb60b6","bookName":"harshbook_4","ISBN":"harsh112"}
2023-02-21T07:27:01.798Z POST /book {"authorId":"33db66b9-f15a-4f58-aae1-807d63d5b7f3","bookName":"munnubook_1","ISBN":"munnu112"}
2023-02-21T07:27:54.436Z POST /book {"authorId":"33db66b9-f15a-4f58-aae1-807d63d5b7f3","bookName":"munnubook_2","ISBN":"munnu11"}
2023-02-21T07:28:01.990Z GET /author/ {}
2023-02-21T07:28:06.714Z GET /book/ {}
2023-02-21T07:28:27.971Z GET /book/55708b72-236b-41f8-866f-e62fca1e38ee {}
2023-02-21T07:29:20.731Z GET /author/f6d1d246-5020-416a-8ff6-fd6e37cb60b6 {}
2023-02-21T07:30:10.214Z PATCH /author/f6d1d246-5020-416a-8ff6-fd6e37cb60b6 {"name":"Aayush kumar"}
2023-02-21T07:30:14.978Z GET /author/ {}
2023-02-21T07:30:29.250Z GET /author/f6d1d246-5020-416a-8ff6-fd6e37cb60b6 {}
2023-02-21T07:30:58.776Z GET /book/ {}
2023-02-21T07:31:53.518Z PATCH /book/55708b72-236b-41f8-866f-e62fca1e38ee {"bookName":"aayushbook4","ISBN":"aayush1249"}
2023-02-21T07:32:14.717Z GET /book/ {}
2023-02-21T07:32:20.254Z GET /book/55708b72-236b-41f8-866f-e62fca1e38ee {}
2023-02-21T07:32:59.194Z GET /book/ {}
2023-02-21T07:33:22.634Z DELETE /book/7a9277de-e420-43e9-a091-2434cba05d2d {}
2023-02-21T07:33:30.048Z GET /book/ {}
2023-02-21T07:52:07.947Z POST /author {"name":"munnu kumar"}
2023-02-21T07:52:29.653Z POST /book {"authorId":"bb6f7cf9-a54e-4f23-b5ad-71047297aad7","bookName":"munnubook_2","ISBN":"munnu11"}
2023-02-21T07:52:41.688Z POST /book {"authorId":"bb6f7cf9-a54e-4f23-b5ad-71047297aad7","bookName":"munnubook_5","ISBN":"munnu112"}
2023-02-21T07:53:03.200Z DELETE /book/cccdd1b4-4af2-4ef9-9b2b-902023eb5528 {}
2023-02-21T07:53:20.727Z GET /book/ {}
2023-02-21T07:53:38.926Z POST /book {"authorId":"bb6f7cf9-a54e-4f23-b5ad-71047297aad7","bookName":"munnubook_6","ISBN":"munnu1124"}
2023-02-21T07:53:45.996Z POST /book {"authorId":"bb6f7cf9-a54e-4f23-b5ad-71047297aad7","bookName":"munnubook_8","ISBN":"munnu1128"}
2023-02-21T07:53:49.564Z GET /book/ {}
2023-02-21T07:54:10.682Z DELETE /book/d1d47200-531c-4c5f-9e99-3dba4845d765 {}
2023-02-21T07:54:17.596Z GET /book/ {}
2023-02-21T07:58:28.564Z POST /author {"name":"munnu kumar"}
2023-02-21T07:58:36.973Z POST /author {"name":"Ayush kumar"}
2023-02-21T07:58:46.762Z GET /author/ {}
2023-02-21T07:58:55.333Z POST /author {"name":"sonu kumar"}
2023-02-21T07:58:59.022Z GET /author/ {}
2023-02-21T07:59:39.957Z POST /book {"authorId":"1190564b-32c9-465d-816b-c1a7b8782981","bookName":"munnubook_1","ISBN":"munnu11"}
2023-02-21T07:59:48.004Z POST /book {"authorId":"1190564b-32c9-465d-816b-c1a7b8782981","bookName":"munnubook_2","ISBN":"munnu112"}
2023-02-21T08:00:41.038Z POST /book {"authorId":"f366bbbd-342a-4a34-b269-593b0b569f3e","bookName":"Aayush_1","ISBN":"aayush_1"}
2023-02-21T08:00:48.938Z POST /book {"authorId":"f366bbbd-342a-4a34-b269-593b0b569f3e","bookName":"Aayush_2","ISBN":"aayush_2"}
2023-02-21T08:00:56.035Z POST /book {"authorId":"f366bbbd-342a-4a34-b269-593b0b569f3e","bookName":"Aayush_4","ISBN":"aayush_4"}
2023-02-21T08:01:34.220Z POST /book {"authorId":"be98791f-3c77-4b30-a702-ca6656ff685c","bookName":"sonu_1","ISBN":"sonu_1"}
2023-02-21T08:01:40.857Z GET /book/ {}
2023-02-21T08:02:29.390Z DELETE /book/63fe603d-446f-4611-a01d-1230606b11a7 {}
2023-02-21T08:03:10.502Z POST /author {"name":"munnu kumar"}
2023-02-21T08:03:18.057Z POST /author {"name":"aayush kumar"}
2023-02-21T08:03:22.555Z POST /author {"name":"sonu kumar"}
2023-02-21T08:03:26.992Z GET /author/ {}
2023-02-21T08:03:34.450Z GET /author/6ba0d33d-4c8d-4e1a-8563-5338a1f2b630 {}
2023-02-21T08:03:42.592Z GET /author/ {}
2023-02-21T08:04:07.470Z POST /book {"authorId":"6ba0d33d-4c8d-4e1a-8563-5338a1f2b630","bookName":"munnu_1","ISBN":"munnu_1"}
2023-02-21T08:04:17.747Z POST /book {"authorId":"6ba0d33d-4c8d-4e1a-8563-5338a1f2b630","bookName":"munnu_2","ISBN":"munnu_2"}
2023-02-21T08:04:53.688Z POST /book {"authorId":"8a7acc2a-8813-463d-a919-2464074eb7a6","bookName":"aayush_1","ISBN":"aayush_1"}
2023-02-21T08:05:00.233Z POST /book {"authorId":"8a7acc2a-8813-463d-a919-2464074eb7a6","bookName":"aayush_2","ISBN":"aayush_2"}
2023-02-21T08:05:07.339Z POST /book {"authorId":"8a7acc2a-8813-463d-a919-2464074eb7a6","bookName":"aayush_4","ISBN":"aayush_4"}
2023-02-21T08:05:39.173Z POST /book {"authorId":"727db3ca-38e4-42a9-98f9-6191ae17bea0","bookName":"sonu_1","ISBN":"sonu_1"}
2023-02-21T08:05:42.623Z GET /book/ {}
2023-02-21T08:06:01.847Z DELETE /book/ce7a981a-ee26-4832-b879-4fd18ff1cd55 {}
2023-02-21T08:06:25.177Z GET /book/ {}
2023-02-21T08:06:36.766Z GET /author/ {}
2023-02-21T08:06:55.020Z DELETE /author/8a7acc2a-8813-463d-a919-2464074eb7a6 {}
2023-02-21T08:07:00.200Z GET /author/ {}
2023-02-21T08:13:34.548Z POST /author {"name":"muunu kumar"}
2023-02-21T08:13:42.917Z POST /author {"name":"aayush kumar"}
2023-02-21T08:13:48.636Z POST /author {"name":"sonu kumar"}
2023-02-21T08:13:54.134Z GET /book/ {}
2023-02-21T08:13:58.466Z GET /author/ {}
2023-02-21T08:14:23.142Z POST /book {"authorId":"0b344b8f-7488-4453-894c-7080cdbe2bc0","bookName":"munnu_1","ISBN":"munnu_1"}
2023-02-21T08:14:30.682Z POST /book {"authorId":"0b344b8f-7488-4453-894c-7080cdbe2bc0","bookName":"munnu_2","ISBN":"munnu_2"}
2023-02-21T08:14:40.986Z GET /book/ {}
2023-02-21T08:14:55.677Z POST /book {"authorId":"0b344b8f-7488-4453-894c-7080cdbe2bc0","bookName":"munnu_2","ISBN":"munnu_2"}
2023-02-21T08:15:04.443Z POST /book {"authorId":"0b344b8f-7488-4453-894c-7080cdbe2bc0","bookName":"munnu_4","ISBN":"munnu_4"}
2023-02-21T08:18:21.082Z POST /author {"name":"munnu kumar"}
2023-02-21T08:18:46.135Z POST /author {"name":"munnu kumar"}
2023-02-21T08:19:06.182Z POST /author {"name":"munnu kumar"}
2023-02-21T08:19:11.473Z POST /author {"name":"aayush kumar"}
2023-02-21T08:19:16.566Z POST /author {"name":"sonu kumar"}
2023-02-21T08:19:21.671Z GET /author/ {}
2023-02-21T08:19:43.763Z POST /book {"authorId":"e7758d1b-875e-4ca9-808c-c130b084c936","bookName":"munnu_1","ISBN":"munnu_1"}
2023-02-21T08:19:52.928Z POST /book {"authorId":"e7758d1b-875e-4ca9-808c-c130b084c936","bookName":"munnu_2","ISBN":"munnu_2"}
2023-02-21T08:19:59.874Z POST /book {"authorId":"e7758d1b-875e-4ca9-808c-c130b084c936","bookName":"munnu_2","ISBN":"munnu_4"}
2023-02-21T08:20:40.615Z POST /book {"authorId":"e7ce751d-1d4d-4430-b130-889638c73dab","bookName":"aayush_1","ISBN":"aayish_1"}
2023-02-21T08:20:48.546Z POST /book {"authorId":"e7ce751d-1d4d-4430-b130-889638c73dab","bookName":"aayush_2","ISBN":"aayish_2"}
2023-02-21T08:20:55.349Z POST /book {"authorId":"e7ce751d-1d4d-4430-b130-889638c73dab","bookName":"aayush_4","ISBN":"aayish_4"}
2023-02-21T08:21:19.198Z GET /book/ {}
2023-02-21T08:21:40.596Z DELETE /book/c6324fcd-3952-42ad-8746-2241165b4812 {}
2023-02-21T08:21:53.882Z GET /book/ {}
2023-02-21T08:22:07.926Z GET /author/ {}
2023-02-21T08:22:22.613Z DELETE /author/d91ac1b0-34df-4f6c-87d1-85a767792e4e {}
2023-02-21T08:22:27.458Z GET /author/ {}
2023-02-21T08:23:04.276Z PATCH /author/e7758d1b-875e-4ca9-808c-c130b084c936 {"name":"rvsingh kumar"}
2023-02-21T08:23:20.260Z GET /author/ {}
2023-02-21T08:23:26.514Z GET /book/ {}
2023-02-21T08:23:58.163Z PATCH /book/aa831740-ec8b-4854-9add-54914767b089 {"bookName":"aayushbook4","ISBN":"aayush1249"}
2023-02-21T08:24:09.762Z GET /book/ {}
2023-02-21T08:26:24.505Z GET /book/aa831740-ec8b-4854-9add-54914767b089 {}
2023-02-21T08:26:44.732Z GET /author/e7ce751d-1d4d-4430-b130-889638c73dab {}
2023-02-21T08:29:08.897Z GET /author/ {}
2023-02-21T08:29:22.166Z POST /author {"name":"aayush kumar"}
